# Logfile created on Wed Jan 08 11:53:43 +0000 2014 by logger.rb/1.2.6
I, [2014-01-08T11:53:43.223498 #73233]  INFO -- : 0:  RedCloth (4.2.9) from /Library/Ruby/Gems/1.8/specifications/RedCloth-4.2.9.gemspec
I, [2014-01-08T11:53:43.240257 #73233]  INFO -- : 0:  blankslate (2.1.2.4) from /Library/Ruby/Gems/1.8/specifications/blankslate-2.1.2.4.gemspec
I, [2014-01-08T11:53:43.242263 #73233]  INFO -- : 0:  fast-stemmer (1.0.2) from /Library/Ruby/Gems/1.8/specifications/fast-stemmer-1.0.2.gemspec
I, [2014-01-08T11:53:43.243647 #73233]  INFO -- : 0:  classifier (1.3.4) from /Library/Ruby/Gems/1.8/specifications/classifier-1.3.4.gemspec
I, [2014-01-08T11:53:43.244786 #73233]  INFO -- : 0:  colorator (0.1) from /Library/Ruby/Gems/1.8/specifications/colorator-0.1.gemspec
I, [2014-01-08T11:53:43.245727 #73233]  INFO -- : 0:  highline (1.6.20) from /Library/Ruby/Gems/1.8/specifications/highline-1.6.20.gemspec
I, [2014-01-08T11:53:43.246625 #73233]  INFO -- : 0:  commander (4.1.5) from /Library/Ruby/Gems/1.8/specifications/commander-4.1.5.gemspec
I, [2014-01-08T11:53:43.247509 #73233]  INFO -- : 0:  ffi (1.9.3) from /Library/Ruby/Gems/1.8/specifications/ffi-1.9.3.gemspec
I, [2014-01-08T11:53:43.248331 #73233]  INFO -- : 0:  liquid (2.5.4) from /Library/Ruby/Gems/1.8/specifications/liquid-2.5.4.gemspec
I, [2014-01-08T11:53:43.249077 #73233]  INFO -- : 0:  rb-fsevent (0.9.4) from /Library/Ruby/Gems/1.8/specifications/rb-fsevent-0.9.4.gemspec
I, [2014-01-08T11:53:43.249778 #73233]  INFO -- : 0:  rb-inotify (0.9.3) from /Library/Ruby/Gems/1.8/specifications/rb-inotify-0.9.3.gemspec
I, [2014-01-08T11:53:43.250503 #73233]  INFO -- : 0:  rb-kqueue (0.2.0) from /Library/Ruby/Gems/1.8/specifications/rb-kqueue-0.2.0.gemspec
I, [2014-01-08T11:53:43.251202 #73233]  INFO -- : 0:  listen (1.3.1) from /Library/Ruby/Gems/1.8/specifications/listen-1.3.1.gemspec
I, [2014-01-08T11:53:43.251920 #73233]  INFO -- : 0:  maruku (0.7.0) from /Library/Ruby/Gems/1.8/specifications/maruku-0.7.0.gemspec
I, [2014-01-08T11:53:43.252656 #73233]  INFO -- : 0:  posix-spawn (0.3.8) from /Library/Ruby/Gems/1.8/specifications/posix-spawn-0.3.8.gemspec
I, [2014-01-08T11:53:43.253359 #73233]  INFO -- : 0:  yajl-ruby (1.1.0) from /Library/Ruby/Gems/1.8/specifications/yajl-ruby-1.1.0.gemspec
I, [2014-01-08T11:53:43.254012 #73233]  INFO -- : 0:  pygments.rb (0.5.4) from /Library/Ruby/Gems/1.8/specifications/pygments.rb-0.5.4.gemspec
I, [2014-01-08T11:53:43.254683 #73233]  INFO -- : 0:  redcarpet (2.3.0) from /Library/Ruby/Gems/1.8/specifications/redcarpet-2.3.0.gemspec
I, [2014-01-08T11:53:43.259407 #73233]  INFO -- : 0:  safe_yaml (0.9.7) from /Library/Ruby/Gems/1.8/specifications/safe_yaml-0.9.7.gemspec
I, [2014-01-08T11:53:43.260127 #73233]  INFO -- : 0:  parslet (1.5.0) from /Library/Ruby/Gems/1.8/specifications/parslet-1.5.0.gemspec
I, [2014-01-08T11:53:43.260808 #73233]  INFO -- : 0:  toml (0.1.0) from /Library/Ruby/Gems/1.8/specifications/toml-0.1.0.gemspec
I, [2014-01-08T11:53:43.261471 #73233]  INFO -- : 0:  jekyll (1.4.2) from /Library/Ruby/Gems/1.8/specifications/jekyll-1.4.2.gemspec
I, [2014-01-08T11:53:45.169643 #73233]  INFO -- : 0:  kramdown (1.2.0) from /Library/Ruby/Gems/1.8/specifications/kramdown-1.2.0.gemspec
I, [2014-01-08T11:53:51.754089 #73233]  INFO -- : 0:  rdiscount (2.1.7) from /Library/Ruby/Gems/1.8/specifications/rdiscount-2.1.7.gemspec
E, [2014-01-08T11:53:52.727518 #73233] ERROR -- : Gem::InstallError: github-pages requires Ruby version >= 1.9.3.
/Library/Ruby/Site/1.8/rubygems/installer.rb:543:in `ensure_required_ruby_version_met'  \n/Library/Ruby/Site/1.8/rubygems/installer.rb:757:in `pre_install_checks'  \n/Library/Ruby/Site/1.8/rubygems/installer.rb:213:in `install'  \n/Library/Ruby/Gems/1.8/gems/bundler-1.5.1/lib/bundler/source/rubygems.rb:95:in `install'  \n/Library/Ruby/Gems/1.8/gems/bundler-1.5.1/lib/bundler/rubygems_integration.rb:118:in `preserve_paths'  \n/Library/Ruby/Gems/1.8/gems/bundler-1.5.1/lib/bundler/source/rubygems.rb:94:in `install'  \n/Library/Ruby/Gems/1.8/gems/bundler-1.5.1/lib/bundler/installer.rb:111:in `install_gem_from_spec'  \n/Library/Ruby/Gems/1.8/gems/bundler-1.5.1/lib/bundler/rubygems_integration.rb:150:in `with_build_args'  \n/Library/Ruby/Gems/1.8/gems/bundler-1.5.1/lib/bundler/installer.rb:110:in `install_gem_from_spec'  \n/Library/Ruby/Gems/1.8/gems/bundler-1.5.1/lib/bundler/installer.rb:295:in `install_sequentially'  \n(__FORWARDABLE__):3:in `each'  \n(__FORWARDABLE__):3:in `__send__'  \n(__FORWARDABLE__):3:in `each'  \n/Library/Ruby/Gems/1.8/gems/bundler-1.5.1/lib/bundler/installer.rb:294:in `install_sequentially'  \n/Library/Ruby/Gems/1.8/gems/bundler-1.5.1/lib/bundler/installer.rb:97:in `run'  \n/Library/Ruby/Gems/1.8/gems/bundler-1.5.1/lib/bundler/installer.rb:15:in `install'  \n/Library/Ruby/Gems/1.8/gems/bundler-1.5.1/lib/bundler/cli.rb:257:in `install'  \n/Library/Ruby/Gems/1.8/gems/bundler-1.5.1/lib/bundler/vendor/thor/command.rb:27:in `__send__'  \n/Library/Ruby/Gems/1.8/gems/bundler-1.5.1/lib/bundler/vendor/thor/command.rb:27:in `run'  \n/Library/Ruby/Gems/1.8/gems/bundler-1.5.1/lib/bundler/vendor/thor/invocation.rb:120:in `invoke_command'  \n/Library/Ruby/Gems/1.8/gems/bundler-1.5.1/lib/bundler/vendor/thor.rb:363:in `dispatch'  \n/Library/Ruby/Gems/1.8/gems/bundler-1.5.1/lib/bundler/vendor/thor/base.rb:438:in `start'  \n/Library/Ruby/Gems/1.8/gems/bundler-1.5.1/lib/bundler/cli.rb:10:in `start'  \n/Library/Ruby/Gems/1.8/gems/bundler-1.5.1/bin/bundle:22  \n/Library/Ruby/Gems/1.8/gems/bundler-1.5.1/lib/bundler/friendly_errors.rb:5:in `with_friendly_errors'  \n/Library/Ruby/Gems/1.8/gems/bundler-1.5.1/bin/bundle:22  \n/usr/bin/bundle:23:in `load'  \n/usr/bin/bundle:23
I, [2014-01-08T12:30:06.519251 #78501]  INFO -- : 0:  RedCloth (4.2.9) from /Users/jamie/.rbenv/versions/2.1.0/lib/ruby/gems/2.1.0/specifications/RedCloth-4.2.9.gemspec
I, [2014-01-08T12:30:06.550931 #78501]  INFO -- : 0:  blankslate (2.1.2.4) from /Users/jamie/.rbenv/versions/2.1.0/lib/ruby/gems/2.1.0/specifications/blankslate-2.1.2.4.gemspec
I, [2014-01-08T12:30:06.551459 #78501]  INFO -- : 0:  fast-stemmer (1.0.2) from /Users/jamie/.rbenv/versions/2.1.0/lib/ruby/gems/2.1.0/specifications/fast-stemmer-1.0.2.gemspec
I, [2014-01-08T12:30:06.551868 #78501]  INFO -- : 0:  classifier (1.3.4) from /Users/jamie/.rbenv/versions/2.1.0/lib/ruby/gems/2.1.0/specifications/classifier-1.3.4.gemspec
I, [2014-01-08T12:30:06.552255 #78501]  INFO -- : 0:  colorator (0.1) from /Users/jamie/.rbenv/versions/2.1.0/lib/ruby/gems/2.1.0/specifications/colorator-0.1.gemspec
I, [2014-01-08T12:30:06.552641 #78501]  INFO -- : 0:  highline (1.6.20) from /Users/jamie/.rbenv/versions/2.1.0/lib/ruby/gems/2.1.0/specifications/highline-1.6.20.gemspec
I, [2014-01-08T12:30:06.553031 #78501]  INFO -- : 0:  commander (4.1.5) from /Users/jamie/.rbenv/versions/2.1.0/lib/ruby/gems/2.1.0/specifications/commander-4.1.5.gemspec
I, [2014-01-08T12:30:06.553420 #78501]  INFO -- : 0:  ffi (1.9.3) from /Users/jamie/.rbenv/versions/2.1.0/lib/ruby/gems/2.1.0/specifications/ffi-1.9.3.gemspec
I, [2014-01-08T12:30:06.553799 #78501]  INFO -- : 0:  liquid (2.5.4) from /Users/jamie/.rbenv/versions/2.1.0/lib/ruby/gems/2.1.0/specifications/liquid-2.5.4.gemspec
I, [2014-01-08T12:30:06.554185 #78501]  INFO -- : 0:  rb-fsevent (0.9.4) from /Users/jamie/.rbenv/versions/2.1.0/lib/ruby/gems/2.1.0/specifications/rb-fsevent-0.9.4.gemspec
I, [2014-01-08T12:30:06.554565 #78501]  INFO -- : 0:  rb-inotify (0.9.3) from /Users/jamie/.rbenv/versions/2.1.0/lib/ruby/gems/2.1.0/specifications/rb-inotify-0.9.3.gemspec
I, [2014-01-08T12:30:06.554947 #78501]  INFO -- : 0:  rb-kqueue (0.2.0) from /Users/jamie/.rbenv/versions/2.1.0/lib/ruby/gems/2.1.0/specifications/rb-kqueue-0.2.0.gemspec
I, [2014-01-08T12:30:06.555329 #78501]  INFO -- : 0:  listen (1.3.1) from /Users/jamie/.rbenv/versions/2.1.0/lib/ruby/gems/2.1.0/specifications/listen-1.3.1.gemspec
I, [2014-01-08T12:30:06.555708 #78501]  INFO -- : 0:  maruku (0.7.0) from /Users/jamie/.rbenv/versions/2.1.0/lib/ruby/gems/2.1.0/specifications/maruku-0.7.0.gemspec
I, [2014-01-08T12:30:06.556095 #78501]  INFO -- : 0:  posix-spawn (0.3.8) from /Users/jamie/.rbenv/versions/2.1.0/lib/ruby/gems/2.1.0/specifications/posix-spawn-0.3.8.gemspec
I, [2014-01-08T12:30:06.556507 #78501]  INFO -- : 0:  yajl-ruby (1.1.0) from /Users/jamie/.rbenv/versions/2.1.0/lib/ruby/gems/2.1.0/specifications/yajl-ruby-1.1.0.gemspec
I, [2014-01-08T12:30:06.556897 #78501]  INFO -- : 0:  pygments.rb (0.5.4) from /Users/jamie/.rbenv/versions/2.1.0/lib/ruby/gems/2.1.0/specifications/pygments.rb-0.5.4.gemspec
I, [2014-01-08T12:30:06.557300 #78501]  INFO -- : 0:  redcarpet (2.3.0) from /Users/jamie/.rbenv/versions/2.1.0/lib/ruby/gems/2.1.0/specifications/redcarpet-2.3.0.gemspec
I, [2014-01-08T12:30:06.557688 #78501]  INFO -- : 0:  safe_yaml (0.9.7) from /Users/jamie/.rbenv/versions/2.1.0/lib/ruby/gems/2.1.0/specifications/safe_yaml-0.9.7.gemspec
I, [2014-01-08T12:30:06.558070 #78501]  INFO -- : 0:  parslet (1.5.0) from /Users/jamie/.rbenv/versions/2.1.0/lib/ruby/gems/2.1.0/specifications/parslet-1.5.0.gemspec
I, [2014-01-08T12:30:06.558457 #78501]  INFO -- : 0:  toml (0.1.0) from /Users/jamie/.rbenv/versions/2.1.0/lib/ruby/gems/2.1.0/specifications/toml-0.1.0.gemspec
I, [2014-01-08T12:30:06.558852 #78501]  INFO -- : 0:  jekyll (1.4.2) from /Users/jamie/.rbenv/versions/2.1.0/lib/ruby/gems/2.1.0/specifications/jekyll-1.4.2.gemspec
I, [2014-01-08T12:30:06.559253 #78501]  INFO -- : 0:  kramdown (1.2.0) from /Users/jamie/.rbenv/versions/2.1.0/lib/ruby/gems/2.1.0/specifications/kramdown-1.2.0.gemspec
I, [2014-01-08T12:30:06.559621 #78501]  INFO -- : 0:  rdiscount (2.1.7) from /Users/jamie/.rbenv/versions/2.1.0/lib/ruby/gems/2.1.0/specifications/rdiscount-2.1.7.gemspec
I, [2014-01-08T12:30:06.560026 #78501]  INFO -- : 0:  github-pages (12) from /Users/jamie/.rbenv/versions/2.1.0/lib/ruby/gems/2.1.0/specifications/github-pages-12.gemspec
I, [2014-01-08T12:30:06.560381 #78501]  INFO -- : 0:  bundler (1.5.1) from /Users/jamie/.rbenv/versions/2.1.0/lib/ruby/gems/2.1.0/specifications/bundler-1.5.1.gemspec
